0 info it worked if it ends with ok
1 verbose cli [ '/usr/local/bin/node',
1 verbose cli   '/usr/local/bin/npm',
1 verbose cli   'install',
1 verbose cli   '-g',
1 verbose cli   'browserify' ]
2 info using npm@2.14.20
3 info using node@v4.4.0
4 verbose install initial load of /usr/local/lib/package.json
5 verbose readDependencies loading dependencies from /usr/local/lib/package.json
6 silly cache add args [ 'browserify', null ]
7 verbose cache add spec browserify
8 silly cache add parsed spec Result {
8 silly cache add   raw: 'browserify',
8 silly cache add   scope: null,
8 silly cache add   name: 'browserify',
8 silly cache add   rawSpec: '',
8 silly cache add   spec: 'latest',
8 silly cache add   type: 'tag' }
9 silly addNamed browserify@latest
10 verbose addNamed "latest" is being treated as a dist-tag for browserify
11 info addNameTag [ 'browserify', 'latest' ]
12 silly mapToRegistry name browserify
13 silly mapToRegistry using default registry
14 silly mapToRegistry registry https://registry.npmjs.org/
15 silly mapToRegistry uri https://registry.npmjs.org/browserify
16 verbose addNameTag registry:https://registry.npmjs.org/browserify not in flight; fetching
17 verbose request uri https://registry.npmjs.org/browserify
18 verbose request no auth needed
19 info attempt registry request try #1 at 2:54:01 PM
20 verbose request id d3a93de5038599cd
21 http request GET https://registry.npmjs.org/browserify
22 http 200 https://registry.npmjs.org/browserify
23 verbose headers { server: 'CouchDB/1.5.0 (Erlang OTP/R16B03)',
23 verbose headers   etag: '"E8EKN0VX3LF62I0C9HI33CWN4"',
23 verbose headers   'content-type': 'application/json',
23 verbose headers   'cache-control': 'max-age=300',
23 verbose headers   'content-length': '858306',
23 verbose headers   'accept-ranges': 'bytes',
23 verbose headers   date: 'Fri, 18 Mar 2016 21:54:02 GMT',
23 verbose headers   via: '1.1 varnish',
23 verbose headers   age: '171',
23 verbose headers   connection: 'keep-alive',
23 verbose headers   'x-served-by': 'cache-sjc3124-SJC',
23 verbose headers   'x-cache': 'HIT',
23 verbose headers   'x-cache-hits': '3',
23 verbose headers   'x-timer': 'S1458338042.058166,VS0,VE0',
23 verbose headers   vary: 'Accept' }
24 silly get cb [ 200,
24 silly get   { server: 'CouchDB/1.5.0 (Erlang OTP/R16B03)',
24 silly get     etag: '"E8EKN0VX3LF62I0C9HI33CWN4"',
24 silly get     'content-type': 'application/json',
24 silly get     'cache-control': 'max-age=300',
24 silly get     'content-length': '858306',
24 silly get     'accept-ranges': 'bytes',
24 silly get     date: 'Fri, 18 Mar 2016 21:54:02 GMT',
24 silly get     via: '1.1 varnish',
24 silly get     age: '171',
24 silly get     connection: 'keep-alive',
24 silly get     'x-served-by': 'cache-sjc3124-SJC',
24 silly get     'x-cache': 'HIT',
24 silly get     'x-cache-hits': '3',
24 silly get     'x-timer': 'S1458338042.058166,VS0,VE0',
24 silly get     vary: 'Accept' } ]
25 verbose get saving browserify to /Users/aaronliu/.npm/registry.npmjs.org/browserify/.cache.json
26 verbose correctMkdir /Users/aaronliu/.npm correctMkdir not in flight; initializing
27 silly addNameTag next cb for browserify with tag latest
28 silly addNamed browserify@13.0.0
29 verbose addNamed "13.0.0" is a plain semver version for browserify
30 silly mapToRegistry name browserify
31 silly mapToRegistry using default registry
32 silly mapToRegistry registry https://registry.npmjs.org/
33 silly mapToRegistry uri https://registry.npmjs.org/browserify
34 verbose addRemoteTarball https://registry.npmjs.org/browserify/-/browserify-13.0.0.tgz not in flight; adding
35 verbose addRemoteTarball [ 'https://registry.npmjs.org/browserify/-/browserify-13.0.0.tgz',
35 verbose addRemoteTarball   '8f223bb24ff4ee4335e6bea9671de294e43ba6a3' ]
36 info retry fetch attempt 1 at 2:54:02 PM
37 info attempt registry request try #1 at 2:54:02 PM
38 http fetch GET https://registry.npmjs.org/browserify/-/browserify-13.0.0.tgz
39 http fetch 200 https://registry.npmjs.org/browserify/-/browserify-13.0.0.tgz
40 silly fetchAndShaCheck shasum 8f223bb24ff4ee4335e6bea9671de294e43ba6a3
41 verbose addTmpTarball /var/folders/h7/9hdv6wws75n3rv_8mjb_7z2c0000gn/T/npm-16641-6ccbcc12/registry.npmjs.org/browserify/-/browserify-13.0.0.tgz not in flight; adding
42 verbose addTmpTarball already have metadata; skipping unpack for browserify@13.0.0
43 verbose correctMkdir /Users/aaronliu/.npm correctMkdir not in flight; initializing
44 silly cache afterAdd browserify@13.0.0
45 verbose afterAdd /Users/aaronliu/.npm/browserify/13.0.0/package/package.json not in flight; writing
46 verbose correctMkdir /Users/aaronliu/.npm correctMkdir not in flight; initializing
47 verbose afterAdd /Users/aaronliu/.npm/browserify/13.0.0/package/package.json written
48 silly install resolved [ { name: 'browserify',
48 silly install resolved     version: '13.0.0',
48 silly install resolved     description: 'browser-side require() the node way',
48 silly install resolved     main: 'index.js',
48 silly install resolved     bin: { browserify: 'bin/cmd.js' },
48 silly install resolved     repository:
48 silly install resolved      { type: 'git',
48 silly install resolved        url: 'git+ssh://git@github.com/substack/node-browserify.git' },
48 silly install resolved     keywords:
48 silly install resolved      [ 'browser',
48 silly install resolved        'require',
48 silly install resolved        'commonjs',
48 silly install resolved        'commonj-esque',
48 silly install resolved        'bundle',
48 silly install resolved        'npm',
48 silly install resolved        'javascript' ],
48 silly install resolved     dependencies:
48 silly install resolved      { JSONStream: '^1.0.3',
48 silly install resolved        assert: '~1.3.0',
48 silly install resolved        'browser-pack': '^6.0.1',
48 silly install resolved        'browser-resolve': '^1.11.0',
48 silly install resolved        'browserify-zlib': '~0.1.2',
48 silly install resolved        buffer: '^4.1.0',
48 silly install resolved        'concat-stream': '~1.5.1',
48 silly install resolved        'console-browserify': '^1.1.0',
48 silly install resolved        'constants-browserify': '~1.0.0',
48 silly install resolved        'crypto-browserify': '^3.0.0',
48 silly install resolved        defined: '^1.0.0',
48 silly install resolved        'deps-sort': '^2.0.0',
48 silly install resolved        'domain-browser': '~1.1.0',
48 silly install resolved        duplexer2: '~0.1.2',
48 silly install resolved        events: '~1.1.0',
48 silly install resolved        glob: '^5.0.15',
48 silly install resolved        has: '^1.0.0',
48 silly install resolved        htmlescape: '^1.1.0',
48 silly install resolved        'stream-http': '^2.0.0',
48 silly install resolved        'https-browserify': '~0.0.0',
48 silly install resolved        inherits: '~2.0.1',
48 silly install resolved        'insert-module-globals': '^7.0.0',
48 silly install resolved        isarray: '0.0.1',
48 silly install resolved        'labeled-stream-splicer': '^2.0.0',
48 silly install resolved        'module-deps': '^4.0.2',
48 silly install resolved        'os-browserify': '~0.1.1',
48 silly install resolved        parents: '^1.0.1',
48 silly install resolved        'path-browserify': '~0.0.0',
48 silly install resolved        process: '~0.11.0',
48 silly install resolved        punycode: '^1.3.2',
48 silly install resolved        'querystring-es3': '~0.2.0',
48 silly install resolved        'read-only-stream': '^2.0.0',
48 silly install resolved        'readable-stream': '^2.0.2',
48 silly install resolved        resolve: '^1.1.4',
48 silly install resolved        shasum: '^1.0.0',
48 silly install resolved        'shell-quote': '^1.4.3',
48 silly install resolved        'stream-browserify': '^2.0.0',
48 silly install resolved        string_decoder: '~0.10.0',
48 silly install resolved        subarg: '^1.0.0',
48 silly install resolved        'syntax-error': '^1.1.1',
48 silly install resolved        through2: '^2.0.0',
48 silly install resolved        'timers-browserify': '^1.0.1',
48 silly install resolved        'tty-browserify': '~0.0.0',
48 silly install resolved        url: '~0.11.0',
48 silly install resolved        util: '~0.10.1',
48 silly install resolved        'vm-browserify': '~0.0.1',
48 silly install resolved        xtend: '^4.0.0' },
48 silly install resolved     devDependencies:
48 silly install resolved      { backbone: '~0.9.2',
48 silly install resolved        'browser-unpack': '^1.1.1',
48 silly install resolved        'coffee-script': '~1.10.0',
48 silly install resolved        coffeeify: '~1.1.0',
48 silly install resolved        es6ify: '~0.4.8',
48 silly install resolved        isstream: '^0.1.2',
48 silly install resolved        seq: '0.3.5',
48 silly install resolved        tap: '^2.2.0',
48 silly install resolved        temp: '^0.8.1',
48 silly install resolved        through: '^2.3.4' },
48 silly install resolved     author:
48 silly install resolved      { name: 'James Halliday',
48 silly install resolved        email: 'mail@substack.net',
48 silly install resolved        url: 'http://substack.net' },
48 silly install resolved     scripts: { test: 'tap test/*.js' },
48 silly install resolved     license: 'MIT',
48 silly install resolved     gitHead: '5b82a2f1bc061cb47ff4aa7c702ed79fc20effa8',
48 silly install resolved     bugs: { url: 'https://github.com/substack/node-browserify/issues' },
48 silly install resolved     homepage: 'https://github.com/substack/node-browserify#readme',
48 silly install resolved     _id: 'browserify@13.0.0',
48 silly install resolved     _shasum: '8f223bb24ff4ee4335e6bea9671de294e43ba6a3',
48 silly install resolved     _from: 'browserify@latest',
48 silly install resolved     _npmVersion: '2.14.7',
48 silly install resolved     _nodeVersion: '4.2.3',
48 silly install resolved     _npmUser: { name: 'feross', email: 'feross@feross.org' },
48 silly install resolved     dist:
48 silly install resolved      { shasum: '8f223bb24ff4ee4335e6bea9671de294e43ba6a3',
48 silly install resolved        tarball: 'http://registry.npmjs.org/browserify/-/browserify-13.0.0.tgz' },
48 silly install resolved     maintainers:
48 silly install resolved      [ [Object],
48 silly install resolved        [Object],
48 silly install resolved        [Object],
48 silly install resolved        [Object],
48 silly install resolved        [Object],
48 silly install resolved        [Object],
48 silly install resolved        [Object],
48 silly install resolved        [Object],
48 silly install resolved        [Object],
48 silly install resolved        [Object],
48 silly install resolved        [Object] ],
48 silly install resolved     directories: {},
48 silly install resolved     _resolved: 'https://registry.npmjs.org/browserify/-/browserify-13.0.0.tgz' } ]
49 info install browserify@13.0.0 into /usr/local/lib
50 info installOne browserify@13.0.0
51 verbose installOne of browserify to /usr/local/lib not in flight; installing
52 verbose correctMkdir /Users/aaronliu/.npm/_locks correctMkdir not in flight; initializing
53 verbose lock using /Users/aaronliu/.npm/_locks/browserify-361ec04d0c7090cb.lock for /usr/local/lib/node_modules/browserify
54 silly install write writing browserify 13.0.0 to /usr/local/lib/node_modules/browserify
55 verbose unbuild lib/node_modules/browserify
56 silly gentlyRm /usr/local/lib/node_modules/browserify is being purged from base /usr/local
57 verbose gentlyRm don't care about contents; nuking /usr/local/lib/node_modules/browserify
58 verbose tar unpack /Users/aaronliu/.npm/browserify/13.0.0/package.tgz
59 verbose tar unpacking to /usr/local/lib/node_modules/browserify
60 silly gentlyRm /usr/local/lib/node_modules/browserify is being purged
61 verbose gentlyRm don't care about contents; nuking /usr/local/lib/node_modules/browserify
62 silly gunzTarPerm modes [ '755', '644' ]
63 error tar.unpack untar error /Users/aaronliu/.npm/browserify/13.0.0/package.tgz
64 verbose unlock done using /Users/aaronliu/.npm/_locks/browserify-361ec04d0c7090cb.lock for /usr/local/lib/node_modules/browserify
65 verbose fstream_path /usr/local/lib/node_modules/browserify
66 verbose fstream_type Directory
67 verbose fstream_class DirWriter
68 verbose stack Error: EACCES: permission denied, mkdir '/usr/local/lib/node_modules/browserify'
68 verbose stack     at Error (native)
69 verbose fstream_stack /usr/local/lib/node_modules/npm/node_modules/fstream/lib/dir-writer.js:35:25
69 verbose fstream_stack /usr/local/lib/node_modules/npm/node_modules/mkdirp/index.js:47:53
69 verbose fstream_stack FSReqWrap.oncomplete (fs.js:82:15)
70 verbose cwd /Users/aaronliu/Documents/sprinklerWeatherApp/IOSWifiSender
71 error Darwin 14.5.0
72 error argv "/usr/local/bin/node" "/usr/local/bin/npm" "install" "-g" "browserify"
73 error node v4.4.0
74 error npm  v2.14.20
75 error path /usr/local/lib/node_modules/browserify
76 error code EACCES
77 error errno -13
78 error syscall mkdir
79 error Error: EACCES: permission denied, mkdir '/usr/local/lib/node_modules/browserify'
79 error     at Error (native)
79 error  { [Error: EACCES: permission denied, mkdir '/usr/local/lib/node_modules/browserify']
79 error   errno: -13,
79 error   code: 'EACCES',
79 error   syscall: 'mkdir',
79 error   path: '/usr/local/lib/node_modules/browserify',
79 error   fstream_type: 'Directory',
79 error   fstream_path: '/usr/local/lib/node_modules/browserify',
79 error   fstream_class: 'DirWriter',
79 error   fstream_stack:
79 error    [ '/usr/local/lib/node_modules/npm/node_modules/fstream/lib/dir-writer.js:35:25',
79 error      '/usr/local/lib/node_modules/npm/node_modules/mkdirp/index.js:47:53',
79 error      'FSReqWrap.oncomplete (fs.js:82:15)' ] }
80 error Please try running this command again as root/Administrator.
81 verbose exit [ -13, true ]
82 verbose unbuild lib/node_modules/browserify
83 silly gentlyRm /usr/local/lib/node_modules/browserify is being purged from base /usr/local
84 verbose gentlyRm don't care about contents; nuking /usr/local/lib/node_modules/browserify
